DONE:
* mvp
* api call abstraction for other cities
* draw interface
* beautify view
* icons
* linter and precommit checking
* browserify + babelify + watchify + sourcemapify ... wtffy is going on with this -fy?
* Make errors from background page explicit

TODO:
`due in`
move setInterval renew from popup to background script (demon script renew list with setTimeout(xhr) )
add bus id input
renew extension icon so user don't have to open popup for checking the bus
about page
README.md
Contribute instructions for other cities
Licence

tests?

options page https://developer.chrome.com/extensions/optionsV2
Promises
